<?xml version="1.0" encoding="UTF-8"?>
<!-- Generated by org.testng.reporters.JUnitXMLReporter -->
<testsuite hostname="CORPLPTP000053" ignored="0" name="TestNg Training" tests="22" failures="1" timestamp="2020-03-04T00:56:37 IST" time="40.587" errors="0">
  <testcase name="test2" time="0.012" classname="com.TestNg.ExceptionTimeoutTest"/>
  <testcase name="GoogleTitleTest" time="0.024" classname="com.TestNg.GoogleTest"/>
  <testcase name="logotest" time="0.17" classname="com.TestNg.GoogleTest"/>
  <testcase name="maillinkTest" time="0.114" classname="com.TestNg.GoogleTest"/>
  <testcase name="GoogleTitleTest" time="0.02" classname="com.TestNg.GoogleTitleTest">
    <failure type="java.lang.AssertionError" message="Title not matched expected [Google123] but found [Google]">
      <![CDATA[java.lang.AssertionError: Title not matched expected [Google123] but found [Google]
at com.TestNg.GoogleTitleTest.GoogleTitleTest(GoogleTitleTest.java:44)
at java.util.ArrayList.forEach(Unknown Source)
... Removed 31 stack frames]]>
    </failure>
  </testcase> <!-- GoogleTitleTest -->
  <testcase name="logotest" time="0.111" classname="com.TestNg.GoogleTitleTest"/>
  <testcase name="sum" time="0.004" classname="com.TestNg.invocationCountTest"/>
  <testcase name="sum" time="0.007" classname="com.TestNg.invocationCountTest"/>
  <testcase name="sum" time="0.003" classname="com.TestNg.invocationCountTest"/>
  <testcase name="sum" time="0.007" classname="com.TestNg.invocationCountTest"/>
  <testcase name="sum" time="0.003" classname="com.TestNg.invocationCountTest"/>
  <testcase name="sum" time="0.006" classname="com.TestNg.invocationCountTest"/>
  <testcase name="sum" time="0.002" classname="com.TestNg.invocationCountTest"/>
  <testcase name="sum" time="0.002" classname="com.TestNg.invocationCountTest"/>
  <testcase name="sum" time="0.004" classname="com.TestNg.invocationCountTest"/>
  <testcase name="sum" time="0.004" classname="com.TestNg.invocationCountTest"/>
  <testcase name="googleTitleTest" time="0.002" classname="com.TestNg.TestNgBasics"/>
  <testcase name="searchrecord" time="0.001" classname="com.TestNg.TestNgBasics"/>
  <testcase name="logintest" time="0.009" classname="com.TestNg.TestNgFeature"/>
  <testcase name="homepagetest" time="0.002" classname="com.TestNg.TestNgFeature"/>
  <testcase name="regpagetest" time="0.001" classname="com.TestNg.TestNgFeature"/>
  <testcase name="searchpagetest" time="0.001" classname="com.TestNg.TestNgFeature"/>
</testsuite> <!-- TestNg Training -->
